2014/05/09 00:21:58 [error] [php] date(): It is not safe to rely on the system's timezone settings. You are *required* to use the date.timezone setting or the date_default_timezone_set() function. In case you used any of those methods and you are still getting this warning, you most likely misspelled the timezone identifier. We selected the timezone 'UTC' for now, but please set date.timezone to select your timezone. (/home/Marciobds/Projetos/aula/BigFlow/BigFlow/protected/views/layouts/main.php:51)
Stack trace:
#0 /home/Marciobds/Projetos/aula/BigFlow/framework/web/CBaseController.php(95): SiteController->renderInternal()
#1 /home/Marciobds/Projetos/aula/BigFlow/framework/web/widgets/CContentDecorator.php(76): SiteController->renderFile()
#2 /home/Marciobds/Projetos/aula/BigFlow/framework/web/widgets/CContentDecorator.php(54): CContentDecorator->decorate()
#3 /home/Marciobds/Projetos/aula/BigFlow/framework/web/widgets/COutputProcessor.php(44): CContentDecorator->processOutput()
#4 /home/Marciobds/Projetos/aula/BigFlow/framework/web/CBaseController.php(206): CContentDecorator->run()
#5 /home/Marciobds/Projetos/aula/BigFlow/framework/web/CBaseController.php(300): SiteController->endWidget()
#6 /home/Marciobds/Projetos/aula/BigFlow/BigFlow/protected/views/layouts/column1.php(6): SiteController->endContent()
#7 /home/Marciobds/Projetos/aula/BigFlow/framework/web/CBaseController.php(126): require()
#8 /home/Marciobds/Projetos/aula/BigFlow/framework/web/CBaseController.php(95): SiteController->renderInternal()
#9 /home/Marciobds/Projetos/aula/BigFlow/framework/web/CController.php(784): SiteController->renderFile()
#10 /home/Marciobds/Projetos/aula/BigFlow/BigFlow/protected/controllers/SiteController.php(32): SiteController->render()
#11 /home/Marciobds/Projetos/aula/BigFlow/framework/web/actions/CInlineAction.php(49): SiteController->actionIndex()
#12 /home/Marciobds/Projetos/aula/BigFlow/framework/web/CController.php(308): CInlineAction->runWithParams()
#13 /home/Marciobds/Projetos/aula/BigFlow/framework/web/CController.php(286): SiteController->runAction()
#14 /home/Marciobds/Projetos/aula/BigFlow/framework/web/CController.php(265): SiteController->runActionWithFilters()
#15 /home/Marciobds/Projetos/aula/BigFlow/framework/web/CWebApplication.php(282): SiteController->run()
#16 /home/Marciobds/Projetos/aula/BigFlow/framework/web/CWebApplication.php(141): CWebApplication->runController()
#17 /home/Marciobds/Projetos/aula/BigFlow/framework/base/CApplication.php(180): CWebApplication->processRequest()
#18 /home/Marciobds/Projetos/aula/BigFlow/BigFlow/index.php(13): CWebApplication->run()
REQUEST_URI=/
in /home/Marciobds/Projetos/aula/BigFlow/BigFlow/protected/views/layouts/main.php (51)
in /home/Marciobds/Projetos/aula/BigFlow/BigFlow/protected/views/layouts/column1.php (6)
in /home/Marciobds/Projetos/aula/BigFlow/BigFlow/protected/controllers/SiteController.php (32)
2014/05/09 00:21:58 [error] [php] date(): It is not safe to rely on the system's timezone settings. You are *required* to use the date.timezone setting or the date_default_timezone_set() function. In case you used any of those methods and you are still getting this warning, you most likely misspelled the timezone identifier. We selected the timezone 'UTC' for now, but please set date.timezone to select your timezone. (/home/Marciobds/Projetos/aula/BigFlow/BigFlow/protected/views/layouts/main.php:51)
Stack trace:
#0 /home/Marciobds/Projetos/aula/BigFlow/framework/web/CBaseController.php(95): SiteController->renderInternal()
#1 /home/Marciobds/Projetos/aula/BigFlow/framework/web/widgets/CContentDecorator.php(76): SiteController->renderFile()
#2 /home/Marciobds/Projetos/aula/BigFlow/framework/web/widgets/CContentDecorator.php(54): CContentDecorator->decorate()
#3 /home/Marciobds/Projetos/aula/BigFlow/framework/web/widgets/COutputProcessor.php(44): CContentDecorator->processOutput()
#4 /home/Marciobds/Projetos/aula/BigFlow/framework/web/CBaseController.php(206): CContentDecorator->run()
#5 /home/Marciobds/Projetos/aula/BigFlow/framework/web/CBaseController.php(300): SiteController->endWidget()
#6 /home/Marciobds/Projetos/aula/BigFlow/BigFlow/protected/views/layouts/column1.php(6): SiteController->endContent()
#7 /home/Marciobds/Projetos/aula/BigFlow/framework/web/CBaseController.php(126): require()
#8 /home/Marciobds/Projetos/aula/BigFlow/framework/web/CBaseController.php(95): SiteController->renderInternal()
#9 /home/Marciobds/Projetos/aula/BigFlow/framework/web/CController.php(784): SiteController->renderFile()
#10 /home/Marciobds/Projetos/aula/BigFlow/BigFlow/protected/controllers/SiteController.php(32): SiteController->render()
#11 /home/Marciobds/Projetos/aula/BigFlow/framework/web/actions/CInlineAction.php(49): SiteController->actionIndex()
#12 /home/Marciobds/Projetos/aula/BigFlow/framework/web/CController.php(308): CInlineAction->runWithParams()
#13 /home/Marciobds/Projetos/aula/BigFlow/framework/web/CController.php(286): SiteController->runAction()
#14 /home/Marciobds/Projetos/aula/BigFlow/framework/web/CController.php(265): SiteController->runActionWithFilters()
#15 /home/Marciobds/Projetos/aula/BigFlow/framework/web/CWebApplication.php(282): SiteController->run()
#16 /home/Marciobds/Projetos/aula/BigFlow/framework/web/CWebApplication.php(141): CWebApplication->runController()
#17 /home/Marciobds/Projetos/aula/BigFlow/framework/base/CApplication.php(180): CWebApplication->processRequest()
#18 /home/Marciobds/Projetos/aula/BigFlow/BigFlow/index.php(13): CWebApplication->run()
REQUEST_URI=/
in /home/Marciobds/Projetos/aula/BigFlow/BigFlow/protected/views/layouts/main.php (51)
in /home/Marciobds/Projetos/aula/BigFlow/BigFlow/protected/views/layouts/column1.php (6)
in /home/Marciobds/Projetos/aula/BigFlow/BigFlow/protected/controllers/SiteController.php (32)
2014/05/08 21:33:09 [error] [exception.CHttpException.404] exception 'CHttpException' with message 'Unable to resolve the request "Professores".' in /home/Marciobds/Projetos/aula/BigFlow/framework/web/CWebApplication.php:286
Stack trace:
#0 /home/Marciobds/Projetos/aula/BigFlow/framework/web/CWebApplication.php(141): CWebApplication->runController('Professores')
#1 /home/Marciobds/Projetos/aula/BigFlow/framework/base/CApplication.php(180): CWebApplication->processRequest()
#2 /home/Marciobds/Projetos/aula/BigFlow/BigFlow/index.php(13): CApplication->run()
#3 {main}
REQUEST_URI=/index.php?r=Professores
---
2014/05/08 21:33:18 [error] [exception.CHttpException.404] exception 'CHttpException' with message 'The system is unable to find the requested action "Professores".' in /home/Marciobds/Projetos/aula/BigFlow/framework/web/CController.php:483
Stack trace:
#0 /home/Marciobds/Projetos/aula/BigFlow/framework/web/CController.php(270): CController->missingAction('Professores')
#1 /home/Marciobds/Projetos/aula/BigFlow/framework/web/CWebApplication.php(282): CController->run('Professores')
#2 /home/Marciobds/Projetos/aula/BigFlow/framework/web/CWebApplication.php(141): CWebApplication->runController('site/Professore...')
#3 /home/Marciobds/Projetos/aula/BigFlow/framework/base/CApplication.php(180): CWebApplication->processRequest()
#4 /home/Marciobds/Projetos/aula/BigFlow/BigFlow/index.php(13): CApplication->run()
#5 {main}
REQUEST_URI=/index.php?r=site/Professores
---
2014/05/08 21:34:31 [error] [exception.CException] exception 'CException' with message 'Alias "Professor.ProfessorModule" is invalid. Make sure it points to an existing PHP file and the file is readable.' in /home/Marciobds/Projetos/aula/BigFlow/framework/YiiBase.php:322
Stack trace:
#0 /home/Marciobds/Projetos/aula/BigFlow/framework/YiiBase.php(196): YiiBase::import('Professor.Profe...', true)
#1 /home/Marciobds/Projetos/aula/BigFlow/framework/base/CModule.php(282): YiiBase::createComponent('Professor.Profe...', 'Professor', NULL, Array)
#2 /home/Marciobds/Projetos/aula/BigFlow/framework/web/CWebApplication.php(337): CModule->getModule('Professor')
#3 /home/Marciobds/Projetos/aula/BigFlow/framework/web/CWebApplication.php(276): CWebApplication->createController('Professor')
#4 /home/Marciobds/Projetos/aula/BigFlow/framework/web/CWebApplication.php(141): CWebApplication->runController('Professor')
#5 /home/Marciobds/Projetos/aula/BigFlow/framework/base/CApplication.php(180): CWebApplication->processRequest()
#6 /home/Marciobds/Projetos/aula/BigFlow/BigFlow/index.php(13): CApplication->run()
#7 {main}
REQUEST_URI=/index.php?r=Professor
---
2014/05/08 21:39:48 [error] [exception.CHttpException.404] exception 'CHttpException' with message 'Unable to resolve the request "professores".' in /home/Marciobds/Projetos/aula/BigFlow/framework/web/CWebApplication.php:286
Stack trace:
#0 /home/Marciobds/Projetos/aula/BigFlow/framework/web/CWebApplication.php(141): CWebApplication->runController('professores')
#1 /home/Marciobds/Projetos/aula/BigFlow/framework/base/CApplication.php(180): CWebApplication->processRequest()
#2 /home/Marciobds/Projetos/aula/BigFlow/BigFlow/index.php(13): CApplication->run()
#3 {main}
REQUEST_URI=/index.php/professores
---
2014/05/08 21:40:11 [error] [exception.CHttpException.404] exception 'CHttpException' with message 'Unable to resolve the request "professores".' in /home/Marciobds/Projetos/aula/BigFlow/framework/web/CWebApplication.php:286
Stack trace:
#0 /home/Marciobds/Projetos/aula/BigFlow/framework/web/CWebApplication.php(141): CWebApplication->runController('professores')
#1 /home/Marciobds/Projetos/aula/BigFlow/framework/base/CApplication.php(180): CWebApplication->processRequest()
#2 /home/Marciobds/Projetos/aula/BigFlow/BigFlow/index.php(13): CApplication->run()
#3 {main}
REQUEST_URI=/index.php/professores
---
2014/05/08 21:40:27 [error] [exception.CHttpException.404] exception 'CHttpException' with message 'Unable to resolve the request "professores".' in /home/Marciobds/Projetos/aula/BigFlow/framework/web/CWebApplication.php:286
Stack trace:
#0 /home/Marciobds/Projetos/aula/BigFlow/framework/web/CWebApplication.php(141): CWebApplication->runController('professores')
#1 /home/Marciobds/Projetos/aula/BigFlow/framework/base/CApplication.php(180): CWebApplication->processRequest()
#2 /home/Marciobds/Projetos/aula/BigFlow/BigFlow/index.php(13): CApplication->run()
#3 {main}
REQUEST_URI=/index.php/professores
---
2014/05/08 21:40:28 [error] [exception.CHttpException.404] exception 'CHttpException' with message 'Unable to resolve the request "professores".' in /home/Marciobds/Projetos/aula/BigFlow/framework/web/CWebApplication.php:286
Stack trace:
#0 /home/Marciobds/Projetos/aula/BigFlow/framework/web/CWebApplication.php(141): CWebApplication->runController('professores')
#1 /home/Marciobds/Projetos/aula/BigFlow/framework/base/CApplication.php(180): CWebApplication->processRequest()
#2 /home/Marciobds/Projetos/aula/BigFlow/BigFlow/index.php(13): CApplication->run()
#3 {main}
REQUEST_URI=/index.php/professores
---
2014/05/08 21:40:50 [error] [exception.CHttpException.404] exception 'CHttpException' with message 'Unable to resolve the request "professores".' in /home/Marciobds/Projetos/aula/BigFlow/framework/web/CWebApplication.php:286
Stack trace:
#0 /home/Marciobds/Projetos/aula/BigFlow/framework/web/CWebApplication.php(141): CWebApplication->runController('professores')
#1 /home/Marciobds/Projetos/aula/BigFlow/framework/base/CApplication.php(180): CWebApplication->processRequest()
#2 /home/Marciobds/Projetos/aula/BigFlow/BigFlow/index.php(13): CApplication->run()
#3 {main}
REQUEST_URI=/index.php/professores
---
2014/05/09 13:19:12 [error] [exception.CHttpException.404] exception 'CHttpException' with message 'Unable to resolve the request "professores".' in /home/Marciobds/Projetos/aula/BigFlow/framework/web/CWebApplication.php:286
Stack trace:
#0 /home/Marciobds/Projetos/aula/BigFlow/framework/web/CWebApplication.php(141): CWebApplication->runController('professores')
#1 /home/Marciobds/Projetos/aula/BigFlow/framework/base/CApplication.php(180): CWebApplication->processRequest()
#2 /home/Marciobds/Projetos/aula/BigFlow/BigFlow/index.php(13): CApplication->run()
#3 {main}
REQUEST_URI=/index.php?r=professores
---
2014/05/09 13:26:41 [error] [exception.CException] exception 'CException' with message 'Alias "application.modules.Professor.models.Professor" is invalid. Make sure it points to an existing PHP file and the file is readable.' in /home/Marciobds/Projetos/aula/BigFlow/framework/YiiBase.php:322
Stack trace:
#0 /home/Marciobds/Projetos/aula/BigFlow/framework/gii/generators/crud/CrudCode.php(59): YiiBase::import('application.mod...', true)
#1 /home/Marciobds/Projetos/aula/BigFlow/framework/validators/CInlineValidator.php(42): CrudCode->validateModel('model', Array)
#2 /home/Marciobds/Projetos/aula/BigFlow/framework/validators/CValidator.php(213): CInlineValidator->validateAttribute(Object(CrudCode), 'model')
#3 /home/Marciobds/Projetos/aula/BigFlow/framework/base/CModel.php(159): CValidator->validate(Object(CrudCode), NULL)
#4 /home/Marciobds/Projetos/aula/BigFlow/framework/gii/CCodeGenerator.php(159): CModel->validate()
#5 /home/Marciobds/Projetos/aula/BigFlow/framework/gii/CCodeGenerator.php(63): CCodeGenerator->prepare()
#6 /home/Marciobds/Projetos/aula/BigFlow/framework/web/actions/CInlineAction.php(49): CCodeGenerator->actionIndex()
#7 /home/Marciobds/Projetos/aula/BigFlow/framework/web/CController.php(308): CInlineAction->runWithParams(Array)
#8 /home/Marciobds/Projetos/aula/BigFlow/framework/web/CController.php(286): CController->runAction(Object(CInlineAction))
#9 /home/Marciobds/Projetos/aula/BigFlow/framework/web/CController.php(265): CController->runActionWithFilters(Object(CInlineAction), Array)
#10 /home/Marciobds/Projetos/aula/BigFlow/framework/web/CWebApplication.php(282): CController->run('index')
#11 /home/Marciobds/Projetos/aula/BigFlow/framework/web/CWebApplication.php(141): CWebApplication->runController('gii/crud/index')
#12 /home/Marciobds/Projetos/aula/BigFlow/framework/base/CApplication.php(180): CWebApplication->processRequest()
#13 /home/Marciobds/Projetos/aula/BigFlow/BigFlow/index.php(13): CApplication->run()
#14 {main}
REQUEST_URI=/index.php?r=gii/crud/index
HTTP_REFERER=http://bigflow.local/index.php?r=gii/crud/index
---
2014/05/09 13:27:29 [error] [exception.CException] exception 'CException' with message 'Alias "application.modules.Professor.models.Professor" is invalid. Make sure it points to an existing PHP file and the file is readable.' in /home/Marciobds/Projetos/aula/BigFlow/framework/YiiBase.php:322
Stack trace:
#0 /home/Marciobds/Projetos/aula/BigFlow/framework/gii/generators/crud/CrudCode.php(59): YiiBase::import('application.mod...', true)
#1 /home/Marciobds/Projetos/aula/BigFlow/framework/validators/CInlineValidator.php(42): CrudCode->validateModel('model', Array)
#2 /home/Marciobds/Projetos/aula/BigFlow/framework/validators/CValidator.php(213): CInlineValidator->validateAttribute(Object(CrudCode), 'model')
#3 /home/Marciobds/Projetos/aula/BigFlow/framework/base/CModel.php(159): CValidator->validate(Object(CrudCode), NULL)
#4 /home/Marciobds/Projetos/aula/BigFlow/framework/gii/CCodeGenerator.php(159): CModel->validate()
#5 /home/Marciobds/Projetos/aula/BigFlow/framework/gii/CCodeGenerator.php(63): CCodeGenerator->prepare()
#6 /home/Marciobds/Projetos/aula/BigFlow/framework/web/actions/CInlineAction.php(49): CCodeGenerator->actionIndex()
#7 /home/Marciobds/Projetos/aula/BigFlow/framework/web/CController.php(308): CInlineAction->runWithParams(Array)
#8 /home/Marciobds/Projetos/aula/BigFlow/framework/web/CController.php(286): CController->runAction(Object(CInlineAction))
#9 /home/Marciobds/Projetos/aula/BigFlow/framework/web/CController.php(265): CController->runActionWithFilters(Object(CInlineAction), Array)
#10 /home/Marciobds/Projetos/aula/BigFlow/framework/web/CWebApplication.php(282): CController->run('index')
#11 /home/Marciobds/Projetos/aula/BigFlow/framework/web/CWebApplication.php(141): CWebApplication->runController('gii/crud/index')
#12 /home/Marciobds/Projetos/aula/BigFlow/framework/base/CApplication.php(180): CWebApplication->processRequest()
#13 /home/Marciobds/Projetos/aula/BigFlow/BigFlow/index.php(13): CApplication->run()
#14 {main}
REQUEST_URI=/index.php?r=gii/crud/index
HTTP_REFERER=http://bigflow.local/index.php?r=gii/crud/index
---
2014/05/09 13:28:53 [error] [exception.CException] exception 'CException' with message 'Alias "professor.ProfessorModule" is invalid. Make sure it points to an existing PHP file and the file is readable.' in /home/Marciobds/Projetos/aula/BigFlow/framework/YiiBase.php:322
Stack trace:
#0 /home/Marciobds/Projetos/aula/BigFlow/framework/YiiBase.php(196): YiiBase::import('professor.Profe...', true)
#1 /home/Marciobds/Projetos/aula/BigFlow/framework/base/CModule.php(282): YiiBase::createComponent('professor.Profe...', 'professor', NULL, Array)
#2 /home/Marciobds/Projetos/aula/BigFlow/framework/gii/generators/crud/CrudCode.php(121): CModule->getModule('professor')
#3 /home/Marciobds/Projetos/aula/BigFlow/framework/gii/generators/crud/CrudCode.php(152): CrudCode->getModule()
#4 /home/Marciobds/Projetos/aula/BigFlow/framework/base/CComponent.php(111): CrudCode->getControllerFile()
#5 /home/Marciobds/Projetos/aula/BigFlow/framework/gii/generators/crud/CrudCode.php(86): CComponent->__get('controllerFile')
#6 /home/Marciobds/Projetos/aula/BigFlow/framework/gii/CCodeGenerator.php(162): CrudCode->prepare()
#7 /home/Marciobds/Projetos/aula/BigFlow/framework/gii/CCodeGenerator.php(63): CCodeGenerator->prepare()
#8 /home/Marciobds/Projetos/aula/BigFlow/framework/web/actions/CInlineAction.php(49): CCodeGenerator->actionIndex()
#9 /home/Marciobds/Projetos/aula/BigFlow/framework/web/CController.php(308): CInlineAction->runWithParams(Array)
#10 /home/Marciobds/Projetos/aula/BigFlow/framework/web/CController.php(286): CController->runAction(Object(CInlineAction))
#11 /home/Marciobds/Projetos/aula/BigFlow/framework/web/CController.php(265): CController->runActionWithFilters(Object(CInlineAction), Array)
#12 /home/Marciobds/Projetos/aula/BigFlow/framework/web/CWebApplication.php(282): CController->run('index')
#13 /home/Marciobds/Projetos/aula/BigFlow/framework/web/CWebApplication.php(141): CWebApplication->runController('gii/crud/index')
#14 /home/Marciobds/Projetos/aula/BigFlow/framework/base/CApplication.php(180): CWebApplication->processRequest()
#15 /home/Marciobds/Projetos/aula/BigFlow/BigFlow/index.php(13): CApplication->run()
#16 {main}
REQUEST_URI=/index.php?r=gii/crud/index
HTTP_REFERER=http://bigflow.local/index.php?r=gii/crud/index
---
2014/05/09 13:29:20 [error] [exception.CException] exception 'CException' with message 'Alias "professor.ProfessorModule" is invalid. Make sure it points to an existing PHP file and the file is readable.' in /home/Marciobds/Projetos/aula/BigFlow/framework/YiiBase.php:322
Stack trace:
#0 /home/Marciobds/Projetos/aula/BigFlow/framework/YiiBase.php(196): YiiBase::import('professor.Profe...', true)
#1 /home/Marciobds/Projetos/aula/BigFlow/framework/base/CModule.php(282): YiiBase::createComponent('professor.Profe...', 'professor', NULL, Array)
#2 /home/Marciobds/Projetos/aula/BigFlow/framework/gii/generators/crud/CrudCode.php(121): CModule->getModule('professor')
#3 /home/Marciobds/Projetos/aula/BigFlow/framework/gii/generators/crud/CrudCode.php(152): CrudCode->getModule()
#4 /home/Marciobds/Projetos/aula/BigFlow/framework/base/CComponent.php(111): CrudCode->getControllerFile()
#5 /home/Marciobds/Projetos/aula/BigFlow/framework/gii/generators/crud/CrudCode.php(86): CComponent->__get('controllerFile')
#6 /home/Marciobds/Projetos/aula/BigFlow/framework/gii/CCodeGenerator.php(162): CrudCode->prepare()
#7 /home/Marciobds/Projetos/aula/BigFlow/framework/gii/CCodeGenerator.php(63): CCodeGenerator->prepare()
#8 /home/Marciobds/Projetos/aula/BigFlow/framework/web/actions/CInlineAction.php(49): CCodeGenerator->actionIndex()
#9 /home/Marciobds/Projetos/aula/BigFlow/framework/web/CController.php(308): CInlineAction->runWithParams(Array)
#10 /home/Marciobds/Projetos/aula/BigFlow/framework/web/CController.php(286): CController->runAction(Object(CInlineAction))
#11 /home/Marciobds/Projetos/aula/BigFlow/framework/web/CController.php(265): CController->runActionWithFilters(Object(CInlineAction), Array)
#12 /home/Marciobds/Projetos/aula/BigFlow/framework/web/CWebApplication.php(282): CController->run('index')
#13 /home/Marciobds/Projetos/aula/BigFlow/framework/web/CWebApplication.php(141): CWebApplication->runController('gii/crud/index')
#14 /home/Marciobds/Projetos/aula/BigFlow/framework/base/CApplication.php(180): CWebApplication->processRequest()
#15 /home/Marciobds/Projetos/aula/BigFlow/BigFlow/index.php(13): CApplication->run()
#16 {main}
REQUEST_URI=/index.php?r=gii/crud/index
HTTP_REFERER=http://bigflow.local/index.php?r=gii/crud/index
---
2014/05/09 13:30:53 [error] [php] include(Professor.php): failed to open stream: No such file or directory (/home/Marciobds/Projetos/aula/BigFlow/framework/YiiBase.php:427)
Stack trace:
#0 /home/Marciobds/Projetos/aula/BigFlow/framework/db/ar/CActiveRecord.php(395): spl_autoload_call()
#1 /home/Marciobds/Projetos/aula/BigFlow/framework/web/CActiveDataProvider.php(165): model()
#2 /home/Marciobds/Projetos/aula/BigFlow/framework/web/CActiveDataProvider.php(87): CActiveDataProvider->getModel()
#3 /home/Marciobds/Projetos/aula/BigFlow/BigFlow/protected/modules/professor/controllers/ProfessorController.php(125): CActiveDataProvider->__construct()
#4 /home/Marciobds/Projetos/aula/BigFlow/framework/web/actions/CInlineAction.php(49): ProfessorController->actionIndex()
#5 /home/Marciobds/Projetos/aula/BigFlow/framework/web/CController.php(308): CInlineAction->runWithParams()
#6 /home/Marciobds/Projetos/aula/BigFlow/framework/web/filters/CFilterChain.php(133): ProfessorController->runAction()
#7 /home/Marciobds/Projetos/aula/BigFlow/framework/web/filters/CFilter.php(40): CFilterChain->run()
#8 /home/Marciobds/Projetos/aula/BigFlow/framework/web/CController.php(1145): CAccessControlFilter->filter()
#9 /home/Marciobds/Projetos/aula/BigFlow/framework/web/filters/CInlineFilter.php(58): ProfessorController->filterAccessControl()
#10 /home/Marciobds/Projetos/aula/BigFlow/framework/web/filters/CFilterChain.php(130): CInlineFilter->filter()
#11 /home/Marciobds/Projetos/aula/BigFlow/framework/web/CController.php(291): CFilterChain->run()
#12 /home/Marciobds/Projetos/aula/BigFlow/framework/web/CController.php(265): ProfessorController->runActionWithFilters()
#13 /home/Marciobds/Projetos/aula/BigFlow/framework/web/CWebApplication.php(282): ProfessorController->run()
#14 /home/Marciobds/Projetos/aula/BigFlow/framework/web/CWebApplication.php(141): CWebApplication->runController()
#15 /home/Marciobds/Projetos/aula/BigFlow/framework/base/CApplication.php(180): CWebApplication->processRequest()
#16 /home/Marciobds/Projetos/aula/BigFlow/BigFlow/index.php(13): CWebApplication->run()
REQUEST_URI=/index.php?r=professor/professor
in /home/Marciobds/Projetos/aula/BigFlow/BigFlow/protected/modules/professor/controllers/ProfessorController.php (125)
in /home/Marciobds/Projetos/aula/BigFlow/BigFlow/index.php (13)
2014/05/09 13:36:03 [warning] [application] Failed to set unsafe attribute "id" of "Professor".
in /home/Marciobds/Projetos/aula/BigFlow/BigFlow/protected/modules/professor/controllers/ProfessorController.php (139)
in /home/Marciobds/Projetos/aula/BigFlow/BigFlow/index.php (13)
2014/05/09 13:36:06 [warning] [application] Failed to set unsafe attribute "id" of "Professor".
in /home/Marciobds/Projetos/aula/BigFlow/BigFlow/protected/modules/professor/controllers/ProfessorController.php (139)
in /home/Marciobds/Projetos/aula/BigFlow/BigFlow/index.php (13)
2014/05/09 13:52:03 [error] [php] include(Aluno.php): failed to open stream: No such file or directory (/home/Marciobds/Projetos/aula/BigFlow/framework/YiiBase.php:427)
Stack trace:
#0 /home/Marciobds/Projetos/aula/BigFlow/framework/db/ar/CActiveRecord.php(395): spl_autoload_call()
#1 /home/Marciobds/Projetos/aula/BigFlow/framework/web/CActiveDataProvider.php(165): model()
#2 /home/Marciobds/Projetos/aula/BigFlow/framework/web/CActiveDataProvider.php(87): CActiveDataProvider->getModel()
#3 /home/Marciobds/Projetos/aula/BigFlow/BigFlow/protected/controllers/aluno/AlunoController.php(125): CActiveDataProvider->__construct()
#4 /home/Marciobds/Projetos/aula/BigFlow/framework/web/actions/CInlineAction.php(49): AlunoController->actionIndex()
#5 /home/Marciobds/Projetos/aula/BigFlow/framework/web/CController.php(308): CInlineAction->runWithParams()
#6 /home/Marciobds/Projetos/aula/BigFlow/framework/web/filters/CFilterChain.php(133): AlunoController->runAction()
#7 /home/Marciobds/Projetos/aula/BigFlow/framework/web/filters/CFilter.php(40): CFilterChain->run()
#8 /home/Marciobds/Projetos/aula/BigFlow/framework/web/CController.php(1145): CAccessControlFilter->filter()
#9 /home/Marciobds/Projetos/aula/BigFlow/framework/web/filters/CInlineFilter.php(58): AlunoController->filterAccessControl()
#10 /home/Marciobds/Projetos/aula/BigFlow/framework/web/filters/CFilterChain.php(130): CInlineFilter->filter()
#11 /home/Marciobds/Projetos/aula/BigFlow/framework/web/CController.php(291): CFilterChain->run()
#12 /home/Marciobds/Projetos/aula/BigFlow/framework/web/CController.php(265): AlunoController->runActionWithFilters()
#13 /home/Marciobds/Projetos/aula/BigFlow/framework/web/CWebApplication.php(282): AlunoController->run()
#14 /home/Marciobds/Projetos/aula/BigFlow/framework/web/CWebApplication.php(141): CWebApplication->runController()
#15 /home/Marciobds/Projetos/aula/BigFlow/framework/base/CApplication.php(180): CWebApplication->processRequest()
#16 /home/Marciobds/Projetos/aula/BigFlow/BigFlow/index.php(13): CWebApplication->run()
REQUEST_URI=/index.php?r=aluno/aluno
in /home/Marciobds/Projetos/aula/BigFlow/BigFlow/protected/controllers/aluno/AlunoController.php (125)
in /home/Marciobds/Projetos/aula/BigFlow/BigFlow/index.php (13)
2014/05/09 13:52:06 [error] [php] include(Aluno.php): failed to open stream: No such file or directory (/home/Marciobds/Projetos/aula/BigFlow/framework/YiiBase.php:427)
Stack trace:
#0 /home/Marciobds/Projetos/aula/BigFlow/framework/db/ar/CActiveRecord.php(395): spl_autoload_call()
#1 /home/Marciobds/Projetos/aula/BigFlow/framework/web/CActiveDataProvider.php(165): model()
#2 /home/Marciobds/Projetos/aula/BigFlow/framework/web/CActiveDataProvider.php(87): CActiveDataProvider->getModel()
#3 /home/Marciobds/Projetos/aula/BigFlow/BigFlow/protected/controllers/aluno/AlunoController.php(125): CActiveDataProvider->__construct()
#4 /home/Marciobds/Projetos/aula/BigFlow/framework/web/actions/CInlineAction.php(49): AlunoController->actionIndex()
#5 /home/Marciobds/Projetos/aula/BigFlow/framework/web/CController.php(308): CInlineAction->runWithParams()
#6 /home/Marciobds/Projetos/aula/BigFlow/framework/web/filters/CFilterChain.php(133): AlunoController->runAction()
#7 /home/Marciobds/Projetos/aula/BigFlow/framework/web/filters/CFilter.php(40): CFilterChain->run()
#8 /home/Marciobds/Projetos/aula/BigFlow/framework/web/CController.php(1145): CAccessControlFilter->filter()
#9 /home/Marciobds/Projetos/aula/BigFlow/framework/web/filters/CInlineFilter.php(58): AlunoController->filterAccessControl()
#10 /home/Marciobds/Projetos/aula/BigFlow/framework/web/filters/CFilterChain.php(130): CInlineFilter->filter()
#11 /home/Marciobds/Projetos/aula/BigFlow/framework/web/CController.php(291): CFilterChain->run()
#12 /home/Marciobds/Projetos/aula/BigFlow/framework/web/CController.php(265): AlunoController->runActionWithFilters()
#13 /home/Marciobds/Projetos/aula/BigFlow/framework/web/CWebApplication.php(282): AlunoController->run()
#14 /home/Marciobds/Projetos/aula/BigFlow/framework/web/CWebApplication.php(141): CWebApplication->runController()
#15 /home/Marciobds/Projetos/aula/BigFlow/framework/base/CApplication.php(180): CWebApplication->processRequest()
#16 /home/Marciobds/Projetos/aula/BigFlow/BigFlow/index.php(13): CWebApplication->run()
REQUEST_URI=/index.php?r=aluno/aluno
in /home/Marciobds/Projetos/aula/BigFlow/BigFlow/protected/controllers/aluno/AlunoController.php (125)
in /home/Marciobds/Projetos/aula/BigFlow/BigFlow/index.php (13)
2014/05/09 19:31:43 [error] [exception.CHttpException.404] exception 'CHttpException' with message 'Unable to resolve the request "aluno/alunp".' in /home/Marciobds/Projetos/aula/BigFlow/framework/web/CWebApplication.php:286
Stack trace:
#0 /home/Marciobds/Projetos/aula/BigFlow/framework/web/CWebApplication.php(141): CWebApplication->runController('aluno/alunp')
#1 /home/Marciobds/Projetos/aula/BigFlow/framework/base/CApplication.php(180): CWebApplication->processRequest()
#2 /home/Marciobds/Projetos/aula/BigFlow/BigFlow/index.php(13): CApplication->run()
#3 {main}
REQUEST_URI=/index.php?r=aluno/alunp
---
2014/05/11 20:12:05 [error] [exception.CHttpException.404] exception 'CHttpException' with message 'Unable to resolve the request "=gii".' in /home/Marciobds/Projetos/aula/BigFlow/Source/framework/web/CWebApplication.php:286
Stack trace:
#0 /home/Marciobds/Projetos/aula/BigFlow/Source/framework/web/CWebApplication.php(141): CWebApplication->runController('=gii')
#1 /home/Marciobds/Projetos/aula/BigFlow/Source/framework/base/CApplication.php(180): CWebApplication->processRequest()
#2 /home/Marciobds/Projetos/aula/BigFlow/Source/BigFlow/index.php(13): CApplication->run()
#3 {main}
REQUEST_URI=/index.php?r==gii
---
2014/05/11 20:12:27 [error] [exception.CHttpException.404] exception 'CHttpException' with message 'Unable to resolve the request "zii/default/index".' in /home/Marciobds/Projetos/aula/BigFlow/Source/framework/web/CWebApplication.php:286
Stack trace:
#0 /home/Marciobds/Projetos/aula/BigFlow/Source/framework/web/CWebApplication.php(141): CWebApplication->runController('zii/default/ind...')
#1 /home/Marciobds/Projetos/aula/BigFlow/Source/framework/base/CApplication.php(180): CWebApplication->processRequest()
#2 /home/Marciobds/Projetos/aula/BigFlow/Source/BigFlow/index.php(13): CApplication->run()
#3 {main}
REQUEST_URI=/index.php?r=zii/default/index
---
2014/05/11 21:04:15 [error] [exception.CException] exception 'CException' with message 'Alias "professor.ProfessorModule" is invalid. Make sure it points to an existing PHP file and the file is readable.' in /home/Marciobds/Projetos/aula/BigFlow/Source/framework/YiiBase.php:322
Stack trace:
#0 /home/Marciobds/Projetos/aula/BigFlow/Source/framework/YiiBase.php(196): YiiBase::import('professor.Profe...', true)
#1 /home/Marciobds/Projetos/aula/BigFlow/Source/framework/base/CModule.php(282): YiiBase::createComponent('professor.Profe...', 'professor', NULL, Array)
#2 /home/Marciobds/Projetos/aula/BigFlow/Source/framework/web/CWebApplication.php(337): CModule->getModule('professor')
#3 /home/Marciobds/Projetos/aula/BigFlow/Source/framework/web/CWebApplication.php(276): CWebApplication->createController('professor/profe...')
#4 /home/Marciobds/Projetos/aula/BigFlow/Source/framework/web/CWebApplication.php(141): CWebApplication->runController('professor/profe...')
#5 /home/Marciobds/Projetos/aula/BigFlow/Source/framework/base/CApplication.php(180): CWebApplication->processRequest()
#6 /home/Marciobds/Projetos/aula/BigFlow/Source/BigFlow/index.php(13): CApplication->run()
#7 {main}
REQUEST_URI=/index.php?r=professor/professor/index
HTTP_REFERER=http://bigflow.local/index.php?r=professor/professor/create
---
2014/05/11 21:05:54 [error] [exception.CException] exception 'CException' with message 'Alias "mine.gii.GiiModule" is invalid. Make sure it points to an existing directory or file.' in /home/Marciobds/Projetos/aula/BigFlow/Source/framework/YiiBase.php:347
Stack trace:
#0 /home/Marciobds/Projetos/aula/BigFlow/Source/framework/YiiBase.php(196): YiiBase::import('mine.gii.GiiMod...', true)
#1 /home/Marciobds/Projetos/aula/BigFlow/Source/framework/base/CModule.php(282): YiiBase::createComponent('mine.gii.GiiMod...', 'gii', NULL, Array)
#2 /home/Marciobds/Projetos/aula/BigFlow/Source/framework/web/CWebApplication.php(337): CModule->getModule('gii')
#3 /home/Marciobds/Projetos/aula/BigFlow/Source/framework/web/CWebApplication.php(276): CWebApplication->createController('gii/crud/index')
#4 /home/Marciobds/Projetos/aula/BigFlow/Source/framework/web/CWebApplication.php(141): CWebApplication->runController('gii/crud/index')
#5 /home/Marciobds/Projetos/aula/BigFlow/Source/framework/base/CApplication.php(180): CWebApplication->processRequest()
#6 /home/Marciobds/Projetos/aula/BigFlow/Source/BigFlow/index.php(13): CApplication->run()
#7 {main}
REQUEST_URI=/index.php?r=gii/crud/index
HTTP_REFERER=http://bigflow.local/index.php?r=gii/default/index
---
2014/05/11 21:09:51 [error] [exception.CException] exception 'CException' with message 'Alias "professor.ProfessorModule" is invalid. Make sure it points to an existing PHP file and the file is readable.' in /home/Marciobds/Projetos/aula/BigFlow/Source/framework/YiiBase.php:322
Stack trace:
#0 /home/Marciobds/Projetos/aula/BigFlow/Source/framework/YiiBase.php(196): YiiBase::import('professor.Profe...', true)
#1 /home/Marciobds/Projetos/aula/BigFlow/Source/framework/base/CModule.php(282): YiiBase::createComponent('professor.Profe...', 'professor', NULL, Array)
#2 /home/Marciobds/Projetos/aula/BigFlow/Source/framework/web/CWebApplication.php(337): CModule->getModule('professor')
#3 /home/Marciobds/Projetos/aula/BigFlow/Source/framework/web/CWebApplication.php(276): CWebApplication->createController('professor/profe...')
#4 /home/Marciobds/Projetos/aula/BigFlow/Source/framework/web/CWebApplication.php(141): CWebApplication->runController('professor/profe...')
#5 /home/Marciobds/Projetos/aula/BigFlow/Source/framework/base/CApplication.php(180): CWebApplication->processRequest()
#6 /home/Marciobds/Projetos/aula/BigFlow/Source/BigFlow/index.php(13): CApplication->run()
#7 {main}
REQUEST_URI=/index.php?r=professor/professor/index
HTTP_REFERER=http://bigflow.local/index.php?r=professor/professor/create
---
